C51 COMPILER V9.60.7.0   IR_SENSOR                                                         04/07/2024 20:45:13 PAGE 1   


C51 COMPILER V9.60.7.0, COMPILATION OF MODULE IR_SENSOR
OBJECT MODULE PLACED IN .\Objects\IR_SENSOR.obj
COMPILER INVOKED BY: C:\Keil_v5\C51\BIN\C51.EXE Library\IR_SENSOR.c OPTIMIZE(8,SPEED) BROWSE INCDIR(.\Include;.\Library)
                    - DEFINE(FOSC_160000) DEBUG OBJECTEXTEND PRINT(.\Listings\IR_SENSOR.lst) TABS(2) OBJECT(.\Objects\IR_SENSOR.obj)

line level    source

   1          #include "N76E003.h"
   2          #include "Common.h"
   3          #include "IR_SENSOR.h"
   4          
   5          void Sensor_Init(void)
   6          {
   7   1          IR_SENSOR1_EN();
   8   1          IR_SENSOR2_EN();
   9   1      }
  10          
  11          unsigned char Sensor_Read_1(void)
  12          {
  13   1          return IR_SENSOR1();
  14   1      }
  15          
  16          unsigned char Sensor_Read_2(void)
  17          {
  18   1          return IR_SENSOR2();
  19   1      }


MODULE INFORMATION:   STATIC OVERLAYABLE
   CODE SIZE        =     25    ----
   CONSTANT SIZE    =   ----    ----
   XDATA SIZE       =   ----    ----
   PDATA SIZE       =   ----    ----
   DATA SIZE        =   ----    ----
   IDATA SIZE       =   ----    ----
   BIT SIZE         =   ----    ----
END OF MODULE INFORMATION.


C51 COMPILATION COMPLETE.  0 WARNING(S),  0 ERROR(S)
